
  ======================================
  Preparation: for the task
  ======================================
  140  sudo apt install python3-pip -y
  143  pip install gdown
  144  /home/xingyu_luo/.local/bin/gdown 1fc3saVu2GtG3Rft3zI-VOOsZhaqcSyn3ii
  146  cd 131
  147  cd ws3 
  148  /home/xingyu_luo/.local/bin/gdown 1fc3saVu2GtG3Rft3zI-VOOsZhaqcSyn3

  ==============================================
  Task 1: Find Top 3 Pickup Locations on January 2, 2019
  ==============================================
  155  head -n 5 2019-01-h1.csv
  156  grep '"2019-01-02' 2019-01-h1.csv | cut -d',' -f8 | sort | uniq -c | sort -nr | head -n 3 
  157  echo "Top 3 Pickup Locations on January 2, 2019:" > ws3.txt 
  158  grep '"2019-01-02' 2019-01-h1.csv | cut -d',' -f8 | sort | uniq -c | sort -nr | head -n 3 >> ws3.txt 
  ==============================================
  Task 2: Find Top 3 Pickup Locations on January 10, 2019
  ==============================================
  160  grep '"2019-01-10' 2019-01-h1.csv | cut -d',' -f8 | sort | uniq -c | sort -nr | head -n 3
  161  echo "Top 3 Pickup Locations on January 10, 2019:" >> ws3.txt
  162  grep '"2019-01-10' 2019-01-h1.csv | cut -d',' -f8 | sort | uniq -c | sort -nr | head -n 3 >> ws3.txt
  163  vim ws3.txt 
  174  vim ws3.txt
  175  history > cmds.log 
